<?xml version="1.0" encoding="UTF-8"?>
<testng-results ignored="0" total="1" passed="1" failed="0" skipped="0">
  <reporter-output>
  </reporter-output>
  <suite started-at="2023-05-27T17:54:40 BDT" name="Default suite" finished-at="2023-05-27T17:55:18 BDT" duration-ms="37531">
    <groups>
    </groups>
    <test started-at="2023-05-27T17:54:40 BDT" name="Default test" finished-at="2023-05-27T17:55:18 BDT" duration-ms="37531">
      <class name="testcases.CartPageTest">
        <test-method is-config="true" signature="setBrowser()[pri:0, instance:testcases.CartPageTest@3f91b517]" started-at="2023-05-27T17:54:40 BDT" name="setBrowser" finished-at="2023-05-27T17:54:43 BDT" duration-ms="2516" status="PASS">
          <reporter-output>
          </reporter-output>
        </test-method> <!-- setBrowser -->
        <test-method signature="cartPageTest()[pri:0, instance:testcases.CartPageTest@3f91b517]" started-at="2023-05-27T17:54:43 BDT" name="cartPageTest" finished-at="2023-05-27T17:55:17 BDT" duration-ms="34480" status="PASS">
          <reporter-output>
          </reporter-output>
        </test-method> <!-- cartPageTest -->
        <test-method is-config="true" signature="quitBrowser()[pri:0, instance:testcases.CartPageTest@3f91b517]" started-at="2023-05-27T17:55:17 BDT" name="quitBrowser" finished-at="2023-05-27T17:55:18 BDT" duration-ms="320" status="PASS">
          <reporter-output>
          </reporter-output>
        </test-method> <!-- quitBrowser -->
      </class> <!-- testcases.CartPageTest -->
    </test> <!-- Default test -->
  </suite> <!-- Default suite -->
</testng-results>
